[2019-09-11T15:14:35.429] [ERROR] test-file-appender - { Error: DPI-1047: Cannot locate a 64-bit Oracle Client library: "libclntsh.so: cannot open shared object file: No such file or directory". See https://oracle.github.io/odpi/doc/installation.html#linux for help
Node-oracledb installation instructions: https://oracle.github.io/node-oracledb/INSTALL.html
You must have 64-bit Oracle client libraries in LD_LIBRARY_PATH, or configured with ldconfig.
If you do not have Oracle Database on this computer, then install the Instant Client Basic or Basic Light package from 
http://www.oracle.com/technetwork/topics/linuxx86-64soft-092277.html

    at OracleDb.getConnection (/home/neelima/srdhNode/node_modules/oracledb/lib/oracledb.js:270:10)
    at OracleDb.getConnection (/home/neelima/srdhNode/node_modules/oracledb/lib/util.js:163:19)
    at Promise (/home/neelima/srdhNode/oracleDB/queryExecute.js:22:18)
    at new Promise (<anonymous>)
    at Object.exports.dbconfig (/home/neelima/srdhNode/oracleDB/queryExecute.js:19:12)
    at Object.getTotalTransCount (/home/neelima/srdhNode/functions/transactionCount.js:10:28)
    at router.post (/home/neelima/srdhNode/routes/index.js:55:17)
    at Layer.handle [as handle_request] (/home/neelima/srdhNode/node_modules/express/lib/router/layer.js:95:5)
    at next (/home/neelima/srdhNode/node_modules/express/lib/router/route.js:137:13)
    at cors (/home/neelima/srdhNode/node_modules/cors/lib/index.js:188:7) errorNum: 0, offset: 0 }
[2019-09-11T15:15:18.376] [ERROR] test-file-appender - { Error: DPI-1047: Cannot locate a 64-bit Oracle Client library: "libclntsh.so: cannot open shared object file: No such file or directory". See https://oracle.github.io/odpi/doc/installation.html#linux for help
Node-oracledb installation instructions: https://oracle.github.io/node-oracledb/INSTALL.html
You must have 64-bit Oracle client libraries in LD_LIBRARY_PATH, or configured with ldconfig.
If you do not have Oracle Database on this computer, then install the Instant Client Basic or Basic Light package from 
http://www.oracle.com/technetwork/topics/linuxx86-64soft-092277.html

    at OracleDb.getConnection (/home/neelima/srdhNode/node_modules/oracledb/lib/oracledb.js:270:10)
    at OracleDb.getConnection (/home/neelima/srdhNode/node_modules/oracledb/lib/util.js:163:19)
    at Promise (/home/neelima/srdhNode/oracleDB/queryExecute.js:22:18)
    at new Promise (<anonymous>)
    at Object.exports.dbconfig (/home/neelima/srdhNode/oracleDB/queryExecute.js:19:12)
    at Object.getTotalTransCount (/home/neelima/srdhNode/functions/transactionCount.js:10:28)
    at router.post (/home/neelima/srdhNode/routes/index.js:55:17)
    at Layer.handle [as handle_request] (/home/neelima/srdhNode/node_modules/express/lib/router/layer.js:95:5)
    at next (/home/neelima/srdhNode/node_modules/express/lib/router/route.js:137:13)
    at cors (/home/neelima/srdhNode/node_modules/cors/lib/index.js:188:7) errorNum: 0, offset: 0 }
[2019-09-11T15:28:32.900] [ERROR] test-file-appender - { Error: DPI-1047: Cannot locate a 64-bit Oracle Client library: "libclntsh.so: cannot open shared object file: No such file or directory". See https://oracle.github.io/odpi/doc/installation.html#linux for help
Node-oracledb installation instructions: https://oracle.github.io/node-oracledb/INSTALL.html
You must have 64-bit Oracle client libraries in LD_LIBRARY_PATH, or configured with ldconfig.
If you do not have Oracle Database on this computer, then install the Instant Client Basic or Basic Light package from 
http://www.oracle.com/technetwork/topics/linuxx86-64soft-092277.html

    at OracleDb.getConnection (/home/neelima/srdhNode/node_modules/oracledb/lib/oracledb.js:270:10)
    at OracleDb.getConnection (/home/neelima/srdhNode/node_modules/oracledb/lib/util.js:163:19)
    at Promise (/home/neelima/srdhNode/oracleDB/queryExecute.js:22:18)
    at new Promise (<anonymous>)
    at Object.exports.dbconfig (/home/neelima/srdhNode/oracleDB/queryExecute.js:19:12)
    at Object.getTotalTransCount (/home/neelima/srdhNode/functions/transactionCount.js:10:28)
    at router.post (/home/neelima/srdhNode/routes/index.js:55:17)
    at Layer.handle [as handle_request] (/home/neelima/srdhNode/node_modules/express/lib/router/layer.js:95:5)
    at next (/home/neelima/srdhNode/node_modules/express/lib/router/route.js:137:13)
    at cors (/home/neelima/srdhNode/node_modules/cors/lib/index.js:188:7) errorNum: 0, offset: 0 }
